{"obj": {"type": "AssignString", "path": ["sys", "name"], "value": "test_run_3"}, "version": 1, "at": 1717659388.792938}
{"obj": {"type": "AssignString", "path": ["sys", "description"], "value": ""}, "version": 2, "at": 1717659388.793141}
{"obj": {"type": "AssignString", "path": ["monitoring", "eccfdecb", "hostname"], "value": "MacBook-Pro-3.local"}, "version": 3, "at": 1717659388.7931929}
{"obj": {"type": "AssignString", "path": ["sys", "hostname"], "value": "MacBook-Pro-3.local"}, "version": 4, "at": 1717659388.793232}
{"obj": {"type": "AssignString", "path": ["monitoring", "eccfdecb", "pid"], "value": "78314"}, "version": 5, "at": 1717659388.793269}
{"obj": {"type": "AssignString", "path": ["monitoring", "eccfdecb", "tid"], "value": "8101138432"}, "version": 6, "at": 1717659388.7933052}
{"obj": {"type": "AssignBool", "path": ["sys", "failed"], "value": false}, "version": 7, "at": 1717659388.793335}
{"obj": {"type": "ClearStringLog", "path": ["monitoring", "eccfdecb", "stdout"]}, "version": 8, "at": 1717659388.79339}
{"obj": {"type": "ClearStringLog", "path": ["monitoring", "eccfdecb", "stderr"]}, "version": 9, "at": 1717659388.793421}
{"obj": {"type": "AssignString", "path": ["source_code", "entrypoint"], "value": "train.py"}, "version": 10, "at": 1717659388.793613}
{"obj": {"type": "UploadFileSet", "path": ["source_code", "files"], "file_globs": ["/Users/rishimalhotra/projects/cv/image_classification/repo_hub/training_repo/src/train.py"], "reset": "False"}, "version": 11, "at": 1717659388.793653}
{"obj": {"type": "UploadFile", "path": ["source_code", "diff"], "ext": "patch", "file_path": null, "tmp_file_name": "source_code_diff-1717659388.833702-2024-06-06_00.36.28.833702.patch", "clean_after_upload": false}, "version": 12, "at": 1717659388.834081}
{"obj": {"type": "ConfigFloatSeries", "path": ["monitoring", "eccfdecb", "cpu"], "min": 0.0, "max": 100.0, "unit": "%"}, "version": 13, "at": 1717659388.839651}
{"obj": {"type": "ClearFloatLog", "path": ["monitoring", "eccfdecb", "cpu"]}, "version": 14, "at": 1717659388.840089}
{"obj": {"type": "ConfigFloatSeries", "path": ["monitoring", "eccfdecb", "memory"], "min": 0.0, "max": 16.0, "unit": "GB"}, "version": 15, "at": 1717659388.8401651}
{"obj": {"type": "ClearFloatLog", "path": ["monitoring", "eccfdecb", "memory"]}, "version": 16, "at": 1717659388.8401952}
{"obj": {"type": "LogStrings", "path": ["monitoring", "eccfdecb", "stdout"], "values": [{"value": "[neptune] [warning] Info (NVML): NVML Shared Library Not Found. GPU usage metrics may not be reported. For more information, see https://docs.neptune.ai/help/nvml_error/\n", "step": null, "ts": 1717659388.8403819}]}, "version": 17, "at": 1717659388.840428}
{"obj": {"type": "LogFloats", "path": ["monitoring", "eccfdecb", "memory"], "values": [{"value": 12.002685546875, "step": null, "ts": 1717659388.840547}]}, "version": 18, "at": 1717659388.8415208}
{"obj": {"type": "AssignInt", "path": ["parameters", "num_epochs"], "value": 3}, "version": 19, "at": 1717659388.842098}
{"obj": {"type": "AssignFloat", "path": ["parameters", "learning_rate"], "value": 0.01}, "version": 20, "at": 1717659388.842165}
{"obj": {"type": "AssignInt", "path": ["parameters", "batch_size"], "value": 32}, "version": 21, "at": 1717659388.842207}
{"obj": {"type": "AssignInt", "path": ["parameters", "hidden_units"], "value": 128}, "version": 22, "at": 1717659388.842251}
{"obj": {"type": "AssignString", "path": ["parameters", "loss_fn"], "value": "CrossEntropyLoss"}, "version": 23, "at": 1717659388.842292}
{"obj": {"type": "AssignString", "path": ["parameters", "optimizer"], "value": "Adam"}, "version": 24, "at": 1717659388.8423302}
{"obj": {"type": "AssignString", "path": ["parameters", "device"], "value": "cpu"}, "version": 25, "at": 1717659388.8423629}
{"obj": {"type": "AssignString", "path": ["model", "summary"], "value": "TinyVGG(\n  (block_1): Sequential(\n    (0): Conv2d(3, 128, kernel_size=(3, 3), stride=(1, 1), padding=(1, 1))\n    (1): BatchNorm2d(128, eps=1e-05, momentum=0.1, affine=True, track_running_stats=True)\n    (2): ReLU()\n    (3): Conv2d(128, 128, kernel_size=(3, 3), stride=(1, 1), padding=(1, 1))\n    (4): BatchNorm2d(128, eps=1e-05, momentum=0.1, affine=True, track_running_stats=True)\n    (5): ReLU()\n    (6): MaxPool2d(kernel_size=2, stride=2, padding=0, dilation=1, ceil_mode=False)\n  )\n  (block_2): Sequential(\n    (0): Conv2d(128, 128, kernel_size=(3, 3), stride=(1, 1), padding=(1, 1))\n    (1): BatchNorm2d(128, eps=1e-05, momentum=0.1, affine=True, track_running_stats=True)\n    (2): ReLU()\n    (3): Conv2d(128, 128, kernel_size=(3, 3), stride=(1, 1), padding=(1, 1))\n    (4): BatchNorm2d(128, eps=1e-05, momentum=0.1, affine=True, track_running_stats=True)\n    (5): ReLU()\n    (6): MaxPool2d(kernel_size=2, stride=2, padding=0, dilation=1, ceil_mode=False)\n  )\n  (block_3): Sequential(\n    (0): Conv2d(128, 128, kernel_size=(3, 3), stride=(1, 1), padding=(1, 1))\n    (1): BatchNorm2d(128, eps=1e-05, momentum=0.1, affine=True, track_running_stats=True)\n    (2): ReLU()\n    (3): Conv2d(128, 128, kernel_size=(3, 3), stride=(1, 1), padding=(1, 1))\n    (4): BatchNorm2d(128, eps=1e-05, momentum=0.1, affine=True, track_running_stats=True)\n    (5): ReLU()\n    (6): MaxPool2d(kernel_size=2, stride=2, padding=0, dilation=1, ceil_mode=False)\n  )\n  (block_4): Sequential(\n    (0): Conv2d(128, 128, kernel_size=(3, 3), stride=(1, 1), padding=(1, 1))\n    (1): BatchNorm2d(128, eps=1e-05, momentum=0.1, affine=True, track_running_stats=True)\n    (2): ReLU()\n    (3): Conv2d(128, 128, kernel_size=(3, 3), stride=(1, 1), padding=(1, 1))\n    (4): BatchNorm2d(128, eps=1e-05, momentum=0.1, affine=True, track_running_stats=True)\n    (5): ReLU()\n    (6): MaxPool2d(kernel_size=2, stride=2, padding=0, dilation=1, ceil_mode=False)\n  )\n  (classifier): Sequential(\n    (0): Flatten(start_dim=1, end_dim=-1)\n    (1): Linear(in_features=4608, out_features=128, bias=True)\n    (2): ReLU()\n    (3): Linear(in_features=128, out_features=3, bias=True)\n  )\n)"}, "version": 26, "at": 1717659388.8424058}
{"obj": {"type": "UploadFile", "path": ["model", "code"], "ext": "py", "file_path": "/Users/rishimalhotra/projects/cv/image_classification/repo_hub/training_repo/src/model_builder.py", "tmp_file_name": null, "clean_after_upload": false}, "version": 27, "at": 1717659388.842529}
{"obj": {"type": "LogStrings", "path": ["monitoring", "eccfdecb", "stderr"], "values": [{"value": "\rEpochs:   0%|                                                                                                              | 0/3 [00:00<?, ?it/s]", "step": null, "ts": 1717659388.853621}]}, "version": 28, "at": 1717659388.8537889}
{"obj": {"type": "LogFloats", "path": ["monitoring", "eccfdecb", "cpu"], "values": [{"value": 32.9, "step": null, "ts": 1717659398.844028}]}, "version": 29, "at": 1717659398.845336}
{"obj": {"type": "LogFloats", "path": ["monitoring", "eccfdecb", "memory"], "values": [{"value": 13.006301879882812, "step": null, "ts": 1717659398.844028}]}, "version": 30, "at": 1717659398.845703}
{"obj": {"type": "LogStrings", "path": ["monitoring", "eccfdecb", "stderr"], "values": [{"value": "\n", "step": null, "ts": 1717659404.1358452}]}, "version": 31, "at": 1717659404.135953}
{"obj": {"type": "LogStrings", "path": ["monitoring", "eccfdecb", "stderr"], "values": [{"value": "\rTrain Step:   0%|                                                                                                         | 0/94 [00:00<?, ?it/s]", "step": null, "ts": 1717659404.1366029}]}, "version": 32, "at": 1717659404.1366148}
{"obj": {"type": "LogStrings", "path": ["monitoring", "eccfdecb", "stderr"], "values": [{"value": "\u001b[A", "step": null, "ts": 1717659404.136672}]}, "version": 33, "at": 1717659404.13668}
{"obj": {"type": "LogStrings", "path": ["monitoring", "eccfdecb", "stderr"], "values": [{"value": "\n", "step": null, "ts": 1717659407.191992}]}, "version": 34, "at": 1717659407.192044}
{"obj": {"type": "LogStrings", "path": ["monitoring", "eccfdecb", "stderr"], "values": [{"value": "\rTrain Step:   1%|\u2588                                                                                                | 1/94 [00:03<04:44,  3.06s/it]", "step": null, "ts": 1717659407.192862}]}, "version": 35, "at": 1717659407.192957}
{"obj": {"type": "LogStrings", "path": ["monitoring", "eccfdecb", "stderr"], "values": [{"value": "\u001b[A", "step": null, "ts": 1717659407.193216}]}, "version": 36, "at": 1717659407.193233}
{"obj": {"type": "LogFloats", "path": ["monitoring", "eccfdecb", "cpu"], "values": [{"value": 43.3, "step": null, "ts": 1717659408.850854}]}, "version": 37, "at": 1717659408.851284}
{"obj": {"type": "LogFloats", "path": ["monitoring", "eccfdecb", "memory"], "values": [{"value": 13.099197387695312, "step": null, "ts": 1717659408.850854}]}, "version": 38, "at": 1717659408.851428}
{"obj": {"type": "LogStrings", "path": ["monitoring", "eccfdecb", "stderr"], "values": [{"value": "\n", "step": null, "ts": 1717659409.601405}]}, "version": 39, "at": 1717659409.601432}
{"obj": {"type": "LogStrings", "path": ["monitoring", "eccfdecb", "stderr"], "values": [{"value": "\rTrain Step:   2%|\u2588\u2588                                                                                               | 2/94 [00:05<04:06,  2.68s/it]", "step": null, "ts": 1717659409.601562}]}, "version": 40, "at": 1717659409.601571}
{"obj": {"type": "LogStrings", "path": ["monitoring", "eccfdecb", "stderr"], "values": [{"value": "\u001b[A", "step": null, "ts": 1717659409.6016169}]}, "version": 41, "at": 1717659409.6016252}
